1685094889080	geckodriver	INFO	Listening on 127.0.0.1:57255
1685094892172	mozrunner::runner	INFO	Running command: "C:\\Program Files\\Mozilla Firefox\\firefox.exe" "--marionette" "--remote-debugging-port" "57256" "--remote-allow-hosts" "localhost" "-no-remote" "-profile" "C:\\Users\\NAVEEN~1.KST\\AppData\\Local\\Temp\\rust_mozprofileBVtqSY"
console.warn: services.settings: Ignoring preference override of remote settings server
console.warn: services.settings: Allow by setting MOZ_REMOTE_SETTINGS_DEVTOOLS=1 in the environment
1685094893364	Marionette	INFO	Marionette enabled
Dynamically enable window occlusion 0
1685094893372	Marionette	INFO	Listening on port 57266
Read port: 57266
WebDriver BiDi listening on ws://127.0.0.1:57256
1685094893577	RemoteAgent	WARN	TLS certificate errors will be ignored for this session
[ERROR glean_core] Error setting metrics feature config: Json(Error("EOF while parsing a value", line: 1, column: 0))
DevTools listening on ws://127.0.0.1:57256/devtools/browser/057ca938-9873-4ed8-958d-35820c2af851
JavaScript warning: https://www.amazon.in/ line 7 > injectedScript, line 1: WEBGL_debug_renderer_info is deprecated in Firefox and will be removed. Please use RENDERER.
[Child 49888, Main Thread] WARNING: JSWindowActorChild::SendRawMessage (Conduits, ConduitClosed) not sent: !CanSend() || !mManager || !mManager->CanSend(): file /builds/worker/checkouts/gecko/dom/ipc/jsactor/JSWindowActorChild.cpp:57
[Child 49888, Main Thread] WARNING: JSWindowActorChild::SendRawMessage (Conduits, ConduitClosed) not sent: !CanSend() || !mManager || !mManager->CanSend(): file /builds/worker/checkouts/gecko/dom/ipc/jsactor/JSWindowActorChild.cpp:57
[Child 49888, Main Thread] WARNING: JSWindowActorChild::SendRawMessage (Conduits, ConduitClosed) not sent: !CanSend() || !mManager || !mManager->CanSend(): file /builds/worker/checkouts/gecko/dom/ipc/jsactor/JSWindowActorChild.cpp:57
[Child 49888, Main Thread] WARNING: JSWindowActorChild::SendRawMessage (Conduits, ConduitClosed) not sent: !CanSend() || !mManager || !mManager->CanSend(): file /builds/worker/checkouts/gecko/dom/ipc/jsactor/JSWindowActorChild.cpp:57
[Child 49888, Main Thread] WARNING: JSWindowActorChild::SendRawMessage (Conduits, ConduitClosed) not sent: !CanSend() || !mManager || !mManager->CanSend(): file /builds/worker/checkouts/gecko/dom/ipc/jsactor/JSWindowActorChild.cpp:57
[Child 49888, Main Thread] WARNING: JSWindowActorChild::SendRawMessage (Conduits, ConduitClosed) not sent: !CanSend() || !mManager || !mManager->CanSend(): file /builds/worker/checkouts/gecko/dom/ipc/jsactor/JSWindowActorChild.cpp:57
[Child 49888, Main Thread] WARNING: JSWindowActorChild::SendRawMessage (Conduits, ConduitClosed) not sent: !CanSend() || !mManager || !mManager->CanSend(): file /builds/worker/checkouts/gecko/dom/ipc/jsactor/JSWindowActorChild.cpp:57
[Child 49888, Main Thread] WARNING: JSWindowActorChild::SendRawMessage (Conduits, ConduitClosed) not sent: !CanSend() || !mManager || !mManager->CanSend(): file /builds/worker/checkouts/gecko/dom/ipc/jsactor/JSWindowActorChild.cpp:57
1685095414512	Marionette	INFO	Stopped listening on port 57266
Dynamically enable window occlusion 1
!!! error running onStopped callback: TypeError: callback is not a function
ger->CanSend(): file /builds/worker/checkouts/gecko/dom/ipc/jsactor/JSWindowActorChild.cpp:57
[Child 2636, Main Thread] WARNING: JSWindowActorChild::SendRawMessage (Conduits, ConduitClosed) not sent: !CanSend() || !mManager || !mManager->CanSend(): file /builds/worker/checkouts/gecko/dom/ipc/jsactor/JSWindowActorChild.cpp:57
[Child 2636, Main Thread] WARNING: JSWindowActor[Child 50168, Main Thread] WARNING: JSWindowActorChild::SendRawMessage (Conduits, ConduitClosed) not sent: !CanSend() || !mManager || !mManager->CanSend(): file /builds/worker/checkouts/gecko/dom/ipc/jsactor/JSWindowActorChild.cpp:57
[Child 50168, Main Thread] WARNING: JSWindowActorChild::SendRawMessage (Conduits, ConduitClosed) not sent: !CanSend() || !mManager || !mManager->CanSend(): file /builds/worker/checkouts/gecko/dom/ipc/jsactor/JSWindowActorChild.cpp:57
[Child 50168, Main Thread] WARNING: JSWindowActorChild::SendRawMessage (Conduits, ConduitClosed) not sent: !CanSend() || !mManager || !mManager->CanSend(): file /builds/worker/checkout1685095414475	Marionette	INFO	Stopped listening on port 57821
Dynamically enable window occlusion 1
!!! error running onStopped callback: TypeError: callback is not a function
er || !mManager->CanSend(): file /builds/worker/checkouts/gecko/dom/ipc/jsactor/JSWindowActorChild.cpp:57
[Child 50168, Main Thread] WARNING: JSWindowActorChild::SendRawMessage (Conduits, ConduitClosed) not sent: !CanSend() || !mManager || !mManager->CanSend(): file /builds/worker/checkouts/gecko/dom/ipc/jsactor/JSWindowActorChild.cpp:57
[Child 50168, Main Thread] WARNING: JSWindowActorChild::SendRawMessage (Conduits, ConduitClosed) not sent: !CanSend() || !mManager || !mManager->CanSend(): file /builds/worker/checkouts/gecko/dom/ipc/jsactor/JSWindowActorChild.cpp:57
[Child 50168, Main Thread] WARNING: JSWindowActorChild::SendRawMessage (Conduits, ConduitClosed) not sent: !CanSend() || !mManager || !mManager->CanSend(): file /builds/worker/checkouts/gecko/dom/ipc/jsactor/JSWindowActorChild.cpp:57
[Child 50168, Main Thread] WARNING: JSWindo[Child 46872, Main Thread] WARNING: JSWindowActorChild::SendRawMessage (Conduits, ConduitClosed) not sent: !CanSend() || !mManager || !mManager->CanSend(): file /builds/worker/checkouts/gecko/1685095414435	Marionette	INFO	Stopped listening on port 58629
Dynamically enable window occlusion 1
!!! error running onStopped callback: TypeError: callback is not a function
console.error: (new Error("Data is not ready.", "resource://gre/modules/JSONFile.sys.mjs", 184))

[Child 46872, Main Thread] WARNING: JSWindowActorChild::SendRawMessage (Conduits, ConduitClosed) not sent: !CanSend() || !mManager || !mManager->CanSend(): file /builds/worker/checkouts/gecko/dom/ipc/jsactor/JSWindowActorChild.cpp:57
[Child 46872, Main Thread] WARNING: JSWindowActorChild::SendRawMessage (Conduits, ConduitClosed) not sent: !CanSend() || !mManager || !mManager->CanSend(): file /builds/worker/checkouts/gecko/dom/ipc/jsactor/JSWindowActorChild.cpp:57
[Child 46872, Main Thread] WARNING: JSWindowActorChild::SendRawMessage (Conduits, ConduitClosed) not sent: !CanSend() || !mManager || !mManager->CanSend(): file /builds/worker/checkouts/gecko/dom/ipc/jsactor/JSWindowActorChild.cpp:57
[Child 46872, Main Thread] WARNING: JSWindowActorChild::SendRawMessage (Conduits, ConduitClosed) not sent: !CanSend() || !mManager || !mManager->CanSend(): file /builds/worker/checkouts/gecko/dom/ipc/jsactor/JSWindowActorChild.cpp:57
1685095414414	Marionette	INFO	Stopped listening on port 59040
Dynamically enable window occlusion 1
r the full message or use the non-minified dev environment for full errors and additional helpful warnings.
JavaScript error: https://m.media-amazon.com/images/I/714nITfCSzL.js, line 2: Error: Minified React error #418; visit https://reactjs.org/docs/error-decoder.html?invariant=418 for the full message or use the non-minified dev environment for full errors and additional helpful warnings.
JavaScript error: https://m.media-amazon.com/images/I/714nITfCSzL.js, line 2: Error: Minified React error #423; visit https://reactjs.org/docs/error-decoder.html?invariant=423 for the full message or use the non-minified dev environment for full errors and additional helpful warnings.
JavaScript warning: https://www.amazon.in/s?k=skullcandy+headphones+bluetooth&rh=n%3A976419031%2Cp_36%3A1318504031&dc&ds=v1%3AClBPAm8fx4oM8RoBsHSV%2BqUbyc%2BVGCLtvNTFXw5AH5s&crid=29MRRHNIAOHR&qid=1685095356&rnid=1318502031&sprefix=skullcandy+headset+Bluetooth%2Caps%2C604&ref=sr_nr_p_36_2 line 7 > injectedScript, line 1: WEBGL_debug_renderer_info is deprecated in Firefox and will be removed. Please use RENDERER.
JavaScript error: https://m.media-amazon.com/images/I/714nITfCSzL.js, line 2: Error: Minified React error #425; visit https://reactjs.org/docs/error-decoder.html?invariant=425 for the full message or use the non-minified dev environment for full errors and additional helpful warnings.
JavaScript error: https://m.media-amazon.com/images/I/714nITfCSzL.js, line 2: Error: Minified React error #418; visit https://reactjs.org/docs/error-decoder.html?invariant=418 for the full message or use the non-minified dev environment for full errors and additional helpful warnings.
JavaScript error: https://m.media-amazon.com/images/I/714nITfCSzL.js, line 2: Error: Minified React error #418; visit https://reactjs.org/docs/error-decoder.html?invariant=418 for the full message or use the non-minified dev environment for full errors and additional helpful warnings.
JavaScript error: https://m.media-amazon.com/images/I/714nITfCSzL.js, line 2: Error: Minified React error #423; visit https://reactjs.org/docs/error-decoder.html?invariant=423 for the full message or use the non-minified dev environment for full errors and additional helpful warnings.
JavaScript error: https://m.media-amazon.com/images/I/714nITfCSzL.js, line 2: Error: Minified React error #418; visit https://reactjs.org/docs/error-decoder.html?invariant=418 for the full message or use the non-minified dev environment for full errors and additional helpful warnings.
JavaScript error: https://m.media-amazon.com/images/I/714nITfCSzL.js, line 2: Error: Minified React error #418; visit https://reactjs.org/docs/error-decoder.html?invariant=418 for the full message or use the non-minified dev environment for full errors and additional helpful warnings.
JavaScript error: https://m.media-amazon.com/images/I/714nITfCSzL.js, line 2: Error: Minified React error #418; visit https://reactjs.org/docs/error-decoder.html?invariant=418 for the full message or use the non-minified dev environment for full errors and additional helpful warnings.
JavaScript error: https://m.media-amazon.com/images/I/714nITfCSzL.js, line 2: Error: Minified React error #423; visit https://reactjs.org/docs/error-decoder.html?invariant=423 for the full message or use the non-minified dev environment for full errors and additional helpful warnings.
[Child 47828, Main Thread] WARNING: JSWindowActorChild::SendRawMessage (Conduits, ConduitClosed) not sent: !CanSend() || !mManager || !mManager->CanSend(): file /builds/worker/checkouts/gecko/dom/ipc/jsactor/JSWindowActorChild.cpp:57
[Child 47828, Main Thread] WARNING: JSWindowActorChild::SendRawMessage (Conduits, ConduitClosed) not sent: !CanSend() || !mManager || !mManager->CanSend(): file /builds/worker/checkouts/gecko/dom/ipc/jsactor/JSWindowActorChild.cpp:57
[Child 47828, Main Thread] WARNING: JSWindowActorChild::SendRawMessage (Conduits, ConduitClosed) not sent: !CanSend() || !mManager || !mManager->CanSend(): file /builds/worker/checkouts/gecko/dom/ipc/jsactor/JSWindowActorChild.cpp:57
[Child 47828, Main Thread] WARNING: JSWindowActorChild::SendRawMessage (Conduits, ConduitClosed) not sent: !CanSend() || !mManager || !mManager->CanSend(): file /builds/worker/checkouts/gecko/dom/ipc/jsactor/JSWindowActorChild.cpp:57
[Child 47828, Main Thread] WARNING: JSWindowActorChild::SendRawMessage (Conduits, ConduitClosed) not sent: !CanSend() || !mManager || !mManager->CanSend(): file /builds/worker/checkouts/gecko/dom/ipc/jsactor/JSWindowActorChild.cpp:57
[Child 47828, Main Thread] WARNING: JSWindowActorChild::SendRawMessage (Conduits, ConduitClosed) not sent: !CanSend() || !mManager || !mManager->CanSend(): file /builds/worker/checkouts/gecko/dom/ipc/jsactor/JSWindowActorChild.cpp:57
[Child 47828, Main Thread] WARNING: JSWindowActorChild::SendRawMessage (Conduits, ConduitClosed) not sent: !CanSend() || !mManager || !mManager->CanSend(): file /builds/worker/checkouts/gecko/dom/ipc/jsactor/JSWindowActorChild.cpp:57
[Child 47828, Main Thread] WARNING: JSWindowActorChild::SendRawMessage (Conduits, ConduitClosed) not sent: !CanSend() || !mManager || !mManager->CanSend(): file /builds/worker/checkouts/gecko/dom/ipc/jsactor/JSWindowActorChild.cpp:57
1685095414518	Marionette	INFO	Stopped listening on port 59305
Dynamically enable window occlusion 1
!!! error running onStopped callback: TypeError: callback is not a function
1685095419411	geckodriver	INFO	Listening on 127.0.0.1:59633
1685095422491	mozrunner::runner	INFO	Running command: "C:\\Program Files\\Mozilla Firefox\\firefox.exe" "--marionette" "--remote-debugging-port" "59634" "--remote-allow-hosts" "localhost" "-no-remote" "-profile" "C:\\Users\\NAVEEN~1.KST\\AppData\\Local\\Temp\\rust_mozprofileDC75XA"
console.warn: services.settings: Ignoring preference override of remote settings server
console.warn: services.settings: Allow by setting MOZ_REMOTE_SETTINGS_DEVTOOLS=1 in the environment
1685095423040	Marionette	INFO	Marionette enabled
Dynamically enable window occlusion 0
1685095423061	Marionette	INFO	Listening on port 59648
Read port: 59648
WebDriver BiDi listening on ws://127.0.0.1:59634
1685095423278	RemoteAgent	WARN	TLS certificate errors will be ignored for this session
[ERROR glean_core] Error setting metrics feature config: Json(Error("EOF while parsing a value", line: 1, column: 0))
DevTools listening on ws://127.0.0.1:59634/devtools/browser/80bc1f04-6f54-489d-9ab6-95d8aa3fd928
JavaScript warning: https://www.amazon.in/ line 7 > injectedScript, line 1: WEBGL_debug_renderer_info is deprecated in Firefox and will be removed. Please use RENDERER.
JavaScript warning: https://www.amazon.in/s?k=skullcandy+headphones+bluetooth&crid=SY0Z028U6O3C&sprefix=skullcandy+headset+Bluetooth%2Caps%2C323&ref=nb_sb_ss_ts-doa-p_1_28 line 7 > injectedScript, line 1: WEBGL_debug_renderer_info is deprecated in Firefox and will be removed. Please use RENDERER.
1685095441633	Marionette	INFO	Stopped listening on port 59648
JavaScript warning: https://www.amazon.in/s?k=skullcandy+headphones+bluetooth&rh=n%3A976419031%2Cp_36%3A1318504031&dc&ds=v1%3AxK69rjGg7zPLrARYsyF5WB%2B1Yu4yXqtCdcCet52u5go&crid=SY0Z028U6O3C&qid=1685095428&rnid=1318502031&sprefix=skullcandy+headset+Bluetooth%2Caps%2C323&ref=sr_nr_p_36_2 line 7 > injectedScript, line 1: WEBGL_debug_renderer_info is deprecated in Firefox and will be removed. Please use RENDERER.
[Child 46320, Main Thread] WARNING: JSWindowActorChild::SendRawMessage (Conduits, ConduitClosed) not sent: !CanSend() || !mManager || !mManager->CanSend(): file /builds/worker/checkouts/gecko/dom/ipc/jsactor/JSWindowActorChild.cpp:57
[Child 46320, Main Thread] WARNING: JSWindowActorChild::SendRawMessage (Conduits, ConduitClosed) not sent: !CanSend() || !mManager || !mManager->CanSend(): file /builds/worker/checkouts/gecko/dom/ipc/jsactor/JSWindowActorChild.cpp:57
[Child 46320, Main Thread] WARNING: JSWindowActorChild::SendRawMessage (Conduits, ConduitClosed) not sent: !CanSend() || !mManager || !mManager->CanSend(): file /builds/worker/checkouts/gecko/dom/ipc/jsactor/JSWindowActorChild.cpp:57
[Child 46320, Main Thread] WARNING: JSWindowActorChild::SendRawMessage (Conduits, ConduitClosed) not sent: !CanSend() || !mManager || !mManager->CanSend(): file /builds/worker/checkouts/gecko/dom/ipc/jsactor/JSWindowActorChild.cpp:57
[Child 46320, Main Thread] WARNING: JSWindowActorChild::SendRawMessage (Conduits, ConduitClosed) not sent: !CanSend() || !mManager || !mManager->CanSend(): file /builds/worker/checkouts/gecko/dom/ipc/jsactor/JSWindowActorChild.cpp:57
[Child 46320, Main Thread] WARNING: JSWindowActorChild::SendRawMessage (Conduits, ConduitClosed) not sent: !CanSend() || !mManager || !mManager->CanSend(): file /builds/worker/checkouts/gecko/dom/ipc/jsactor/JSWindowActorChild.cpp:57
[Child 46320, Main Thread] WARNING: JSWindowActorChild::SendRawMessage (Conduits, ConduitClosed) not sent: !CanSend() || !mManager || !mManager->CanSend(): file /builds/worker/checkouts/gecko/dom/ipc/jsactor/JSWindowActorChild.cpp:57
[Child 46320, Main Thread] WARNING: JSWindowActorChild::SendRawMessage (Conduits, ConduitClosed) not sent: !CanSend() || !mManager || !mManager->CanSend(): file /builds/worker/checkouts/gecko/dom/ipc/jsactor/JSWindowActorChild.cpp:57
Dynamically enable window occlusion 1
1685095485236	geckodriver	INFO	Listening on 127.0.0.1:59941
1685095488305	mozrunner::runner	INFO	Running command: "C:\\Program Files\\Mozilla Firefox\\firefox.exe" "--marionette" "--remote-debugging-port" "59942" "--remote-allow-hosts" "localhost" "-no-remote" "-profile" "C:\\Users\\NAVEEN~1.KST\\AppData\\Local\\Temp\\rust_mozprofileOHipQo"
console.warn: services.settings: Ignoring preference override of remote settings server
console.warn: services.settings: Allow by setting MOZ_REMOTE_SETTINGS_DEVTOOLS=1 in the environment
1685095488867	Marionette	INFO	Marionette enabled
Dynamically enable window occlusion 0
1685095488882	Marionette	INFO	Listening on port 59953
Read port: 59953
WebDriver BiDi listening on ws://127.0.0.1:59942
1685095489076	RemoteAgent	WARN	TLS certificate errors will be ignored for this session
[ERROR glean_core] Error setting metrics feature config: Json(Error("EOF while parsing a value", line: 1, column: 0))
DevTools listening on ws://127.0.0.1:59942/devtools/browser/d17e26f3-9afb-4347-a97b-9f26d1c1b378
JavaScript warning: https://www.amazon.in/ line 7 > injectedScript, line 1: WEBGL_debug_renderer_info is deprecated in Firefox and will be removed. Please use RENDERER.
JavaScript warning: https://www.amazon.in/s?k=skullcandy+headphones+bluetooth&crid=1CX54W1MJNHNG&sprefix=skullcandy+headset+Bluetooth%2Caps%2C348&ref=nb_sb_ss_ts-doa-p_1_28 line 7 > injectedScript, line 1: WEBGL_debug_renderer_info is deprecated in Firefox and will be removed. Please use RENDERER.
JavaScript error: , line 0: uncaught exception: 
1685095506965	Marionette	INFO	Stopped listening on port 59953
JavaScript warning: https://www.amazon.in/s?k=skullcandy+headphones+bluetooth&rh=n%3A976419031%2Cp_36%3A1318504031&dc&ds=v1%3AKBoK%2B6nsINHIAsU81FNr4oL7Lk4nQoq3uv0ItrErmL4&crid=1CX54W1MJNHNG&qid=1685095493&rnid=1318502031&sprefix=skullcandy+headset+Bluetooth%2Caps%2C348&ref=sr_nr_p_36_2 line 7 > injectedScript, line 1: WEBGL_debug_renderer_info is deprecated in Firefox and will be removed. Please use RENDERER.
[Child 48772, Main Thread] WARNING: JSWindowActorChild::SendRawMessage (Conduits, ConduitClosed) not sent: !CanSend() || !mManager || !mManager->CanSend(): file /builds/worker/checkouts/gecko/dom/ipc/jsactor/JSWindowActorChild.cpp:57
[Child 48772, Main Thread] WARNING: JSWindowActorChild::SendRawMessage (Conduits, ConduitClosed) not sent: !CanSend() || !mManager || !mManager->CanSend(): file /builds/worker/checkouts/gecko/dom/ipc/jsactor/JSWindowActorChild.cpp:57
[Child 48772, Main Thread] WARNING: JSWindowActorChild::SendRawMessage (Conduits, ConduitClosed) not sent: !CanSend() || !mManager || !mManager->CanSend(): file /builds/worker/checkouts/gecko/dom/ipc/jsactor/JSWindowActorChild.cpp:57
[Child 48772, Main Thread] WARNING: JSWindowActorChild::SendRawMessage (Conduits, ConduitClosed) not sent: !CanSend() || !mManager || !mManager->CanSend(): file /builds/worker/checkouts/gecko/dom/ipc/jsactor/JSWindowActorChild.cpp:57
[Child 48772, Main Thread] WARNING: JSWindowActorChild::SendRawMessage (Conduits, ConduitClosed) not sent: !CanSend() || !mManager || !mManager->CanSend(): file /builds/worker/checkouts/gecko/dom/ipc/jsactor/JSWindowActorChild.cpp:57
[Child 48772, Main Thread] WARNING: JSWindowActorChild::SendRawMessage (Conduits, ConduitClosed) not sent: !CanSend() || !mManager || !mManager->CanSend(): file /builds/worker/checkouts/gecko/dom/ipc/jsactor/JSWindowActorChild.cpp:57
[Child 48772, Main Thread] WARNING: JSWindowActorChild::SendRawMessage (Conduits, ConduitClosed) not sent: !CanSend() || !mManager || !mManager->CanSend(): file /builds/worker/checkouts/gecko/dom/ipc/jsactor/JSWindowActorChild.cpp:57
[Child 48772, Main Thread] WARNING: JSWindowActorChild::SendRawMessage (Conduits, ConduitClosed) not sent: !CanSend() || !mManager || !mManager->CanSend(): file /builds/worker/checkouts/gecko/dom/ipc/jsactor/JSWindowActorChild.cpp:57
Dynamically enable window occlusion 1
1685107738458	geckodriver	INFO	Listening on 127.0.0.1:60217
1685107741601	mozrunner::runner	INFO	Running command: "C:\\Program Files\\Mozilla Firefox\\firefox.exe" "--marionette" "--remote-debugging-port" "60218" "--remote-allow-hosts" "localhost" "-no-remote" "-profile" "C:\\Users\\NAVEEN~1.KST\\AppData\\Local\\Temp\\rust_mozprofileUoTgft"
console.warn: services.settings: Ignoring preference override of remote settings server
console.warn: services.settings: Allow by setting MOZ_REMOTE_SETTINGS_DEVTOOLS=1 in the environment
1685107742284	Marionette	INFO	Marionette enabled
Dynamically enable window occlusion 0
1685107742297	Marionette	INFO	Listening on port 60260
Read port: 60260
WebDriver BiDi listening on ws://127.0.0.1:60218
1685107742532	RemoteAgent	WARN	TLS certificate errors will be ignored for this session
[ERROR glean_core] Error setting metrics feature config: Json(Error("EOF while parsing a value", line: 1, column: 0))
DevTools listening on ws://127.0.0.1:60218/devtools/browser/68df9f7a-ed25-4333-b465-d4d29fe66a53
JavaScript warning: https://www.amazon.in/ line 7 > injectedScript, line 1: WEBGL_debug_renderer_info is deprecated in Firefox and will be removed. Please use RENDERER.
JavaScript warning: https://www.amazon.in/s?k=skullcandy+headphones+bluetooth&crid=2PDA99FQBMUWS&sprefix=skullcandy+headset+Bluetooth%2Caps%2C1786&ref=nb_sb_ss_ts-doa-p_1_28 line 7 > injectedScript, line 1: WEBGL_debug_renderer_info is deprecated in Firefox and will be removed. Please use RENDERER.
JavaScript error: https://m.media-amazon.com/images/I/714nITfCSzL.js, line 2: Error: Minified React error #418; visit https://reactjs.org/docs/error-decoder.html?invariant=418 for the full message or use the non-minified dev environment for full errors and additional helpful warnings.
JavaScript error: https://m.media-amazon.com/images/I/714nITfCSzL.js, line 2: Error: Minified React error #418; visit https://reactjs.org/docs/error-decoder.html?invariant=418 for the full message or use the non-minified dev environment for full errors and additional helpful warnings.
JavaScript error: https://m.media-amazon.com/images/I/714nITfCSzL.js, line 2: Error: Minified React error #418; visit https://reactjs.org/docs/error-decoder.html?invariant=418 for the full message or use the non-minified dev environment for full errors and additional helpful warnings.
JavaScript error: https://m.media-amazon.com/images/I/714nITfCSzL.js, line 2: Error: Minified React error #418; visit https://reactjs.org/docs/error-decoder.html?invariant=418 for the full message or use the non-minified dev environment for full errors and additional helpful warnings.
JavaScript error: https://m.media-amazon.com/images/I/714nITfCSzL.js, line 2: Error: Minified React error #423; visit https://reactjs.org/docs/error-decoder.html?invariant=423 for the full message or use the non-minified dev environment for full errors and additional helpful warnings.
JavaScript error: https://m.media-amazon.com/images/I/714nITfCSzL.js, line 2: Error: Minified React error #425; visit https://reactjs.org/docs/error-decoder.html?invariant=425 for the full message or use the non-minified dev environment for full errors and additional helpful warnings.
JavaScript error: https://m.media-amazon.com/images/I/714nITfCSzL.js, line 2: Error: Minified React error #418; visit https://reactjs.org/docs/error-decoder.html?invariant=418 for the full message or use the non-minified dev environment for full errors and additional helpful warnings.
JavaScript error: https://m.media-amazon.com/images/I/714nITfCSzL.js, line 2: Error: Minified React error #418; visit https://reactjs.org/docs/error-decoder.html?invariant=418 for the full message or use the non-minified dev environment for full errors and additional helpful warnings.
JavaScript error: https://m.media-amazon.com/images/I/714nITfCSzL.js, line 2: Error: Minified React error #423; visit https://reactjs.org/docs/error-decoder.html?invariant=423 for the full message or use the non-minified dev environment for full errors and additional helpful warnings.
[Child 44116, Main Thread] WARNING: JSWindowActorChild::SendRawMessage (Conduits, ConduitClosed) not sent: !CanSend() || !mManager || !mManager->CanSend(): file /builds/worker/checkouts/gecko/dom/ipc/jsactor/JSWindowActorChild.cpp:57
[Child 44116, Main Thread] WARNING: JSWindowActorChild::SendRawMessage (Conduits, ConduitClosed) not sent: !CanSend() || !mManager || !mManager->CanSend(): file /builds/worker/checkouts/gecko/dom/ipc/jsactor/JSWindowActorChild.cpp:57
[Child 44116, Main Thread] WARNING: JSWindowActorChild::SendRawMessage (Conduits, ConduitClosed) not sent: !CanSend() || !mManager || !mManager->CanSend(): file /builds/worker/checkouts/gecko/dom/ipc/jsactor/JSWindowActorChild.cpp:57
[Child 44116, Main Thread] WARNING: JSWindowActorChild::SendRawMessage (Conduits, ConduitClosed) not sent: !CanSend() || !mManager || !mManager->CanSend(): file /builds/worker/checkouts/gecko/dom/ipc/jsactor/JSWindowActorChild.cpp:57
[Child 44116, Main Thread] WARNING: JSWindowActorChild::SendRawMessage (Conduits, ConduitClosed) not sent: !CanSend() || !mManager || !mManager->CanSend(): file /builds/worker/checkouts/gecko/dom/ipc/jsactor/JSWindowActorChild.cpp:57
[Child 44116, Main Thread] WARNING: JSWindowActorChild::SendRawMessage (Conduits, ConduitClosed) not sent: !CanSend() || !mManager || !mManager->CanSend(): file /builds/worker/checkouts/gecko/dom/ipc/jsactor/JSWindowActorChild.cpp:57
[Child 44116, Main Thread] WARNING: JSWindowActorChild::SendRawMessage (Conduits, ConduitClosed) not sent: !CanSend() || !mManager || !mManager->CanSend(): file /builds/worker/checkouts/gecko/dom/ipc/jsactor/JSWindowActorChild.cpp:57
[Child 44116, Main Thread] WARNING: JSWindowActorChild::SendRawMessage (Conduits, ConduitClosed) not sent: !CanSend() || !mManager || !mManager->CanSend(): file /builds/worker/checkouts/gecko/dom/ipc/jsactor/JSWindowActorChild.cpp:57
1685113401388	Marionette	INFO	Stopped listening on port 60260
Dynamically enable window occlusion 1
or the full message or use the non-minified dev environment for full errors and additional helpful warnings.
JavaScript error: https://m.media-amazon.com/images/I/714nITfCSzL.js, line 2: Error: Minified React error #418; visit https://reactjs.org/docs/error-decoder.html?invariant=418 for the full message or use the non-minified dev environment for full errors and additional helpful warnings.
JavaScript error: https://m.media-amazon.com/images/I/714nITfCSzL.js, line 2: Error: Minified React error #423; visit https://reactjs.org/docs/error-decoder.html?invariant=423 for the full message or use the non-minified dev environment for full errors and additional helpful warnings.
JavaScript error: https://m.media-amazon.com/images/I/714nITfCSzL.js, line 2: Error: Minified React error #418; visit https://reactjs.org/docs/error-decoder.html?invariant=418 for the full message or use the non-minified dev environment for full errors and additional helpful warnings.
JavaScript error: https://m.media-amazon.com/images/I/714nITfCSzL.js, line 2: Error: Minified React error #418; visit https://reactjs.org/docs/error-decoder.html?invariant=418 for the full message or use the non-minified dev environment for full errors and additional helpful warnings.
JavaScript error: https://m.media-amazon.com/images/I/714nITfCSzL.js, line 2: Error: Minified React error #418; visit https://reactjs.org/docs/error-decoder.html?invariant=418 for the full message or use the non-minified dev environment for full errors and additional helpful warnings.
JavaScript error: https://m.media-amazon.com/images/I/714nITfCSzL.js, line 2: Error: Minified React error #418; visit https://reactjs.org/docs/error-decoder.html?invariant=418 for the full message or use the non-minified dev environment for full errors and additional helpful warnings.
JavaScript error: https://m.media-amazon.com/images/I/714nITfCSzL.js, line 2: Error: Minified React error #423; visit https://reactjs.org/docs/error-decoder.html?invariant=423 for the full message or use the non-minified dev environment for full errors and additional helpful warnings.
[Child 30092, Main Thread] WARNING: JSWindowActorChild::SendRawMessage (Conduits, ConduitClosed) not sent: !CanSend() || !mManager || !mManager->CanSend(): file /builds/worker/checkouts/gecko/dom/ipc/jsactor/JSWindowActorChild.cpp:57
[Child 30092, Main Thread] WARNING: JSWindowActorChild::SendRawMessage (Conduits, ConduitClosed) not sent: !CanSend() || !mManager || !mManager->CanSend(): file /builds/worker/checkouts/gecko/dom/ipc/jsactor/JSWindowActorChild.cpp:57
[Child 30092, Main Thread] WARNING: JSWindowActorChild::SendRawMessage (Conduits, ConduitClosed) not sent: !CanSend() || !mManager || !mManager->CanSend(): file /builds/worker/checkouts/gecko/dom/ipc/jsactor/JSWindowActorChild.cpp:57
[Child 30092, Main Thread] WARNING: JSWindowActorChild::SendRawMessage (Conduits, ConduitClosed) not sent: !CanSend() || !mManager || !mManager->CanSend(): file /builds/worker/checkouts/gecko/dom/ipc/jsactor/JSWindowActorChild.cpp:57
[Child 30092, Main Thread] WARNING: JSWindowActorChild::SendRawMessage (Conduits, ConduitClosed) not sent: !CanSend() || !mManager || !mManager->CanSend(): file /builds/worker/checkouts/gecko/dom/ipc/jsactor/JSWindowActorChild.cpp:57
[Child 30092, Main Thread] WARNING: JSWindowActorChild::SendRawMessage (Conduits, ConduitClosed) not sent: !CanSend() || !mManager || !mManager->CanSend(): file /builds/worker/checkouts/gecko/dom/ipc/jsactor/JSWindowActorChild.cpp:57
[Child 30092, Main Thread] WARNING: JSWindowActorChild::SendRawMessage (Conduits, ConduitClosed) not sent: !CanSend() || !mManager || !mManager->CanSend(): file /builds/worker/checkouts/gecko/dom/ipc/jsactor/JSWindowActorChild.cpp:57
[Child 30092, Main Thread] WARNING: JSWindowActorChild::SendRawMessage (Conduits, ConduitClosed) not sent: !CanSend() || !mManager || !mManager->CanSend(): file /builds/worker/checkouts/gecko/dom/ipc/jsactor/JSWindowActorChild.cpp:57
1685113403437	Marionette	INFO	Stopped listening on port 60677
Dynamically enable window occlusion 1
!!! error running onStopped callback: TypeError: callback is not a function
0440, Main Thread] WARNING: JSWindowActorChild::SendRawMessage (Conduits, ConduitClosed) not sent: !CanSend() || !mManager || !mManager->CanSend(): file /builds/worker/checkouts/gecko/dom/ipc/jsactor/JSWindowActorChild.cpp:57
[Child 30440, Main Thread] WARNING: JSWindowActorChild::SendRawMessage (Conduits, ConduitClosed) not sent: !CanSend() || !mManager || !mManager->CanSend(): file /builds/worker/checkouts/gecko/dom/ipc/jsactor/JSWindowActorChild.cpp:57
[Child 30440, Main Thread] WARNING: JSWindowActorChild::SendRawMessage (Conduits, ConduitClosed) not sent: !CanSend() || !mManager || !mManager->CanSend(): file /builds/worker/checkouts/gecko/dom/ipc/jsactor/JSWindowActorChild.cpp:57
[Child 30440, Main Thread] WARNING: JSWindowActorChild::SendRawMessage (Conduits, ConduitClosed) not sent: !CanSend() || !mManager || !mManager->CanSend(): file /builds/worker/checkouts/gecko/dom/ipc/jsactor/JSWindowActorChild.cpp:57
[Child 30440, Main Thread] WARNING: JSWindowActorChild::SendRawMessage (Conduits, ConduitClosed) not sent: !CanSend() || !mManager || !mManager->CanSend(): file /builds/worker/checkouts/gecko/dom/ipc/jsactor/JSWindowActorChild.cpp:57
[Child 30440, Main Thread] WARNING: JSWindowActorChild::SendRawMessage (Conduits, ConduitClosed) not sent: !CanSend() || !mManager || !mManager->CanSend(): file /builds/worker/checkouts/gecko/dom/ipc/jsactor/JSWindowActorChild.cpp:57
Dynamically enable window occlusion 1
1685107996683	geckodriver	INFO	Listening on 127.0.0.1:61522
1685107999753	mozrunner::runner	INFO	Running command: "C:\\Program Files\\Mozilla Firefox\\firefox.exe" "--marionette" "--remote-debugging-port" "61523" "--remote-allow-hosts" "localhost" "-no-remote" "-profile" "C:\\Users\\NAVEEN~1.KST\\AppData\\Local\\Temp\\rust_mozprofile7oBTic"
console.warn: services.settings: Ignoring preference override of remote settings server
console.warn: services.settings: Allow by setting MOZ_REMOTE_SETTINGS_DEVTOOLS=1 in the environment
1685108000320	Marionette	INFO	Marionette enabled
Dynamically enable window occlusion 0
1685108000336	Marionette	INFO	Listening on port 61535
Read port: 61535
WebDriver BiDi listening on ws://127.0.0.1:61523
1685108000532	RemoteAgent	WARN	TLS certificate errors will be ignored for this session
[ERROR glean_core] Error setting metrics feature config: Json(Error("EOF while parsing a value", line: 1, column: 0))
DevTools listening on ws://127.0.0.1:61523/devtools/browser/d2273be7-19a3-48a1-a74b-341d277ff022
JavaScript warning: https://www.amazon.in/ line 7 > injectedScript, line 1: WEBGL_debug_renderer_info is deprecated in Firefox and will be removed. Please use RENDERER.
1685108015643	Marionette	INFO	Stopped listening on port 61535
JavaScript warning: https://www.amazon.in/s?k=skullcandy+headphones+bluetooth&crid=5TEME43F0ELH&sprefix=skullcandy+headset+Bluetooth%2Caps%2C555&ref=nb_sb_ss_ts-doa-p_1_28 line 7 > injectedScript, line 1: WEBGL_debug_renderer_info is deprecated in Firefox and will be removed. Please use RENDERER.
[Child 26324, Main Thread] WARNING: JSWindowActorChild::SendRawMessage (Conduits, ConduitClosed) not sent: !CanSend() || !mManager || !mManager->CanSend(): file /builds/worker/checkouts/gecko/dom/ipc/jsactor/JSWindowActorChild.cpp:57
[Child 26324, Main Thread] WARNING: JSWindowActorChild::SendRawMessage (Conduits, ConduitClosed) not sent: !CanSend() || !mManager || !mManager->CanSend(): file /builds/worker/checkouts/gecko/dom/ipc/jsactor/JSWindowActorChild.cpp:57
[Child 26324, Main Thread] WARNING: JSWindowActorChild::SendRawMessage (Conduits, ConduitClosed) not sent: !CanSend() || !mManager || !mManager->CanSend(): file /builds/worker/checkouts/gecko/dom/ipc/jsactor/JSWindowActorChild.cpp:57
[Child 26324, Main Thread] WARNING: JSWindowActorChild::SendRawMessage (Conduits, ConduitClosed) not sent: !CanSend() || !mManager || !mManager->CanSend(): file /builds/worker/checkouts/gecko/dom/ipc/jsactor/JSWindowActorChild.cpp:57
[Child 26324, Main Thread] WARNING: JSWindowActorChild::SendRawMessage (Conduits, ConduitClosed) not sent: !CanSend() || !mManager || !mManager->CanSend(): file /builds/worker/checkouts/gecko/dom/ipc/jsactor/JSWindowActorChild.cpp:57
[Child 26324, Main Thread] WARNING: JSWindowActorChild::SendRawMessage (Conduits, ConduitClosed) not sent: !CanSend() || !mManager || !mManager->CanSend(): file /builds/worker/checkouts/gecko/dom/ipc/jsactor/JSWindowActorChild.cpp:57
[Child 26324, Main Thread] WARNING: JSWindowActorChild::SendRawMessage (Conduits, ConduitClosed) not sent: !CanSend() || !mManager || !mManager->CanSend(): file /builds/worker/checkouts/gecko/dom/ipc/jsactor/JSWindowActorChild.cpp:57
[Child 26324, Main Thread] WARNING: JSWindowActorChild::SendRawMessage (Conduits, ConduitClosed) not sent: !CanSend() || !mManager || !mManager->CanSend(): file /builds/worker/checkouts/gecko/dom/ipc/jsactor/JSWindowActorChild.cpp:57
Dynamically enable window occlusion 1
1685108039183	geckodriver	INFO	Listening on 127.0.0.1:61773
1685108042294	mozrunner::runner	INFO	Running command: "C:\\Program Files\\Mozilla Firefox\\firefox.exe" "--marionette" "--remote-debugging-port" "61774" "--remote-allow-hosts" "localhost" "-no-remote" "-profile" "C:\\Users\\NAVEEN~1.KST\\AppData\\Local\\Temp\\rust_mozprofileK7QfPD"
console.warn: services.settings: Ignoring preference override of remote settings server
console.warn: services.settings: Allow by setting MOZ_REMOTE_SETTINGS_DEVTOOLS=1 in the environment
1685108042894	Marionette	INFO	Marionette enabled
Dynamically enable window occlusion 0
1685108042914	Marionette	INFO	Listening on port 61783
Read port: 61783
WebDriver BiDi listening on ws://127.0.0.1:61774
1685108043170	RemoteAgent	WARN	TLS certificate errors will be ignored for this session
[ERROR glean_core] Error setting metrics feature config: Json(Error("EOF while parsing a value", line: 1, column: 0))
DevTools listening on ws://127.0.0.1:61774/devtools/browser/e927fe57-7d09-4bff-98fd-0c8a5d1532b6
JavaScript warning: https://www.amazon.in/ line 7 > injectedScript, line 1: WEBGL_debug_renderer_info is deprecated in Firefox and will be removed. Please use RENDERER.
JavaScript warning: https://www.amazon.in/s?k=skullcandy+headphones+bluetooth&crid=3JMPZIKFNITY4&sprefix=skullcandy+headset+Bluetooth%2Caps%2C578&ref=nb_sb_ss_ts-doa-p_1_28 line 7 > injectedScript, line 1: WEBGL_debug_renderer_info is deprecated in Firefox and will be removed. Please use RENDERER.
JavaScript error: https://m.media-amazon.com/images/I/714nITfCSzL.js, line 2: Error: Minified React error #418; visit https://reactjs.org/docs/error-decoder.html?invariant=418 for the full message or use the non-minified dev environment for full errors and additional helpful warnings.
JavaScript error: https://m.media-amazon.com/images/I/714nITfCSzL.js, line 2: Error: Minified React error #418; visit https://reactjs.org/docs/error-decoder.html?invariant=418 for the full message or use the non-minified dev environment for full errors and additional helpful warnings.
JavaScript error: https://m.media-amazon.com/images/I/714nITfCSzL.js, line 2: Error: Minified React error #418; visit https://reactjs.org/docs/error-decoder.html?invariant=418 for the full message or use the non-minified dev environment for full errors and additional helpful warnings.
JavaScript error: https://m.media-amazon.com/images/I/714nITfCSzL.js, line 2: Error: Minified React error #418; visit https://reactjs.org/docs/error-decoder.html?invariant=418 for the full message or use the non-minified dev environment for full errors and additional helpful warnings.
JavaScript error: https://m.media-amazon.com/images/I/714nITfCSzL.js, line 2: Error: Minified React error #423; visit https://reactjs.org/docs/error-decoder.html?invariant=423 for the full message or use the non-minified dev environment for full errors and additional helpful warnings.
JavaScript error: https://m.media-amazon.com/images/I/714nITfCSzL.js, line 2: Error: Minified React error #425; visit https://reactjs.org/docs/error-decoder.html?invariant=425 for the full message or use the non-minified dev environment for full errors and additional helpful warnings.
JavaScript error: https://m.media-amazon.com/images/I/714nITfCSzL.js, line 2: Error: Minified React error #418; visit https://reactjs.org/docs/error-decoder.html?invariant=418 for the full message or use the non-minified dev environment for full errors and additional helpful warnings.
JavaScript error: https://m.media-amazon.com/images/I/714nITfCSzL.js, line 2: Error: Minified React error #418; visit https://reactjs.org/docs/error-decoder.html?invariant=418 for the full message or use the non-minified dev environment for full errors and additional helpful warnings.
JavaScript error: https://m.media-amazon.com/images/I/714nITfCSzL.js, line 2: Error: Minified React error #423; visit https://reactjs.org/docs/error-decoder.html?invariant=423 for the full message or use the non-minified dev environment for full errors and additional helpful warnings.
1685108064728	Marionette	INFO	Stopped listening on port 61783
[Child 45528, Main Thread] WARNING: JSWindowActorChild::SendRawMessage (Conduits, ConduitClosed) not sent: !CanSend() || !mManager || !mManager->CanSend(): file /builds/worker/checkouts/gecko/dom/ipc/jsactor/JSWindowActorChild.cpp:57
[Child 45528, Main Thread] WARNING: JSWindowActorChild::SendRawMessage (Conduits, ConduitClosed) not sent: !CanSend() || !mManager || !mManager->CanSend(): file /builds/worker/checkouts/gecko/dom/ipc/jsactor/JSWindowActorChild.cpp:57
[Child 45528, Main Thread] WARNING: JSWindowActorChild::SendRawMessage (Conduits, ConduitClosed) not sent: !CanSend() || !mManager || !mManager->CanSend(): file /builds/worker/checkouts/gecko/dom/ipc/jsactor/JSWindowActorChild.cpp:57
[Child 45528, Main Thread] WARNING: JSWindowActorChild::SendRawMessage (Conduits, ConduitClosed) not sent: !CanSend() || !mManager || !mManager->CanSend(): file /builds/worker/checkouts/gecko/dom/ipc/jsactor/JSWindowActorChild.cpp:57
[Child 45528, Main Thread] WARNING: JSWindowActorChild::SendRawMessage (Conduits, ConduitClosed) not sent: !CanSend() || !mManager || !mManager->CanSend(): file /builds/worker/checkouts/gecko/dom/ipc/jsactor/JSWindowActorChild.cpp:57
[Child 45528, Main Thread] WARNING: JSWindowActorChild::SendRawMessage (Conduits, ConduitClosed) not sent: !CanSend() || !mManager || !mManager->CanSend(): file /builds/worker/checkouts/gecko/dom/ipc/jsactor/JSWindowActorChild.cpp:57
[Child 45528, Main Thread] WARNING: JSWindowActorChild::SendRawMessage (Conduits, ConduitClosed) not sent: !CanSend() || !mManager || !mManager->CanSend(): file /builds/worker/checkouts/gecko/dom/ipc/jsactor/JSWindowActorChild.cpp:57
[Child 45528, Main Thread] WARNING: JSWindowActorChild::SendRawMessage (Conduits, ConduitClosed) not sent: !CanSend() || !mManager || !mManager->CanSend(): file /builds/worker/checkouts/gecko/dom/ipc/jsactor/JSWindowActorChild.cpp:57
Dynamically enable window occlusion 1
!!! error running onStopped callback: TypeError: callback is not a function
1685163950336	geckodriver	INFO	Listening on 127.0.0.1:60109
1685163953450	mozrunner::runner	INFO	Running command: "C:\\Program Files\\Mozilla Firefox\\firefox.exe" "--marionette" "--remote-debugging-port" "60110" "--remote-allow-hosts" "localhost" "-no-remote" "-profile" "C:\\Users\\NAVEEN~1.KST\\AppData\\Local\\Temp\\rust_mozprofileKKUEC3"
console.warn: services.settings: Ignoring preference override of remote settings server
console.warn: services.settings: Allow by setting MOZ_REMOTE_SETTINGS_DEVTOOLS=1 in the environment
1685163954106	Marionette	INFO	Marionette enabled
Dynamically enable window occlusion 0
1685163954117	Marionette	INFO	Listening on port 60120
Read port: 60120
WebDriver BiDi listening on ws://127.0.0.1:60110
1685163954362	RemoteAgent	WARN	TLS certificate errors will be ignored for this session
[ERROR glean_core] Error setting metrics feature config: Json(Error("EOF while parsing a value", line: 1, column: 0))
DevTools listening on ws://127.0.0.1:60110/devtools/browser/f1de684e-d46a-4032-beaf-acebc8077af2
[Child 37748, Main Thread] WARNING: JSWindowActorChild::SendRawMessage (Conduits, ConduitClosed) not sent: !CanSend() || !mManager || !mManager->CanSend(): file /builds/worker/checkouts/gecko/dom/ipc/jsactor/JSWindowActorChild.cpp:57
[Child 37748, Main Thread] WARNING: JSWindowActorChild::SendRawMessage (Conduits, ConduitClosed) not sent: !CanSend() || !mManager || !mManager->CanSend(): file /builds/worker/checkouts/gecko/dom/ipc/jsactor/JSWindowActorChild.cpp:57
[Child 37748, Main Thread] WARNING: JSWindowActorChild::SendRawMessage (Conduits, ConduitClosed) not sent: !CanSend() || !mManager || !mManager->CanSend(): file /builds/worker/checkouts/gecko/dom/ipc/jsactor/JSWindowActorChild.cpp:57
[Child 37748, Main Thread] WARNING: JSWindowActorChild::SendRawMessage (Conduits, ConduitClosed) not sent: !CanSend() || !mManager || !mManager->CanSend(): file /builds/worker/checkouts/gecko/dom/ipc/jsactor/JSWindowActorChild.cpp:57
[Child 37748, Main Thread] WARNING: JSWindowActorChild::SendRawMessage (Conduits, ConduitClosed) not sent: !CanSend() || !mManager || !mManager->CanSend(): file /builds/worker/checkouts/gecko/dom/ipc/jsactor/JSWindowActorChild.cpp:57
[Child 37748, Main Thread] WARNING: JSWindowActorChild::SendRawMessage (Conduits, ConduitClosed) not sent: !CanSend() || !mManager || !mManager->CanSend(): file /builds/worker/checkouts/gecko/dom/ipc/jsactor/JSWindowActorChild.cpp:57
[Child 37748, Main Thread] WARNING: JSWindowActorChild::SendRawMessage (Conduits, ConduitClosed) not sent: !CanSend() || !mManager || !mManager->CanSend(): file /builds/worker/checkouts/gecko/dom/ipc/jsactor/JSWindowActorChild.cpp:57
[Child 37748, Main Thread] WARNING: JSWindowActorChild::SendRawMessage (Conduits, ConduitClosed) not sent: !CanSend() || !mManager || !mManager->CanSend(): file /builds/worker/checkouts/gecko/dom/ipc/jsactor/JSWindowActorChild.cpp:57
1685163957720	Marionette	INFO	Stopped listening on port 60120
Dynamically enable window occlusion 1
JavaScript error: chrome://remote/content/marionette/cert.sys.mjs, line 51: NS_ERROR_NOT_AVAILABLE: Component returned failure code: 0x80040111 (NS_ERROR_NOT_AVAILABLE) [nsICertOverrideService.setDisableAllSecurityChecksAndLetAttackersInterceptMyData]
!!! error running onStopped callback: TypeError: callback is not a function
1685163957828	WebDriver BiDi	ERROR	Failed to stop protocol: [Exception... "Component returned failure code: 0x80040111 (NS_ERROR_NOT_AVAILABLE) [nsICertOverrideService.setDisableAllSecurityChecksAndLetAttackersInterceptMyData]"  nsresult: "0x80040111 (NS_ERROR_NOT_AVAILABLE)"  location: "JS frame :: chrome://remote/content/marionette/cert.sys.mjs :: allowAllCerts.disable :: line 51"  data: no] Stack trace: allowAllCerts.disable()@cert.sys.mjs:51
destroy()@Session.sys.mjs:207
deleteSession()@WebDriverBiDi.sys.mjs:142
stop()@WebDriverBiDi.sys.mjs:230
observe()@resource://gre/modules/AsyncShutdown.sys.mjs:576
WARNING: A blocker encountered an error while we were waiting.
          Blocker:  Waiting for ping task
          Phase: TelemetryController: Waiting for pending ping activity
          State: (none)
WARNING: Error: Phase "profile-before-change" is finished, it is too late to register completion condition "OS.File: flush I/O queued before profileBeforeChange"
WARNING: addBlocker@resource://gre/modules/AsyncShutdown.sys.mjs:727:15
addBlocker@resource://gre/modules/AsyncShutdown.sys.mjs:523:26
addBlocker@resource://gre/modules/AsyncShutdown.sys.mjs:458:15
setupShutdown@resource://gre/modules/osfile/osfile_async_front.jsm:1548:28
@resource://gre/modules/osfile/osfile_async_front.jsm:1568:16
@resource://gre/modules/osfile.jsm:12:30
@resource://gre/modules/TelemetryStorage.sys.mjs:10:28
_checkPendingPings@resource://gre/modules/TelemetrySend.sys.mjs:859:17
setup@resource://gre/modules/TelemetrySend.sys.mjs:799:18
setup@resource://gre/modules/TelemetrySend.sys.mjs:237:30
setupTelemetry/this._delayedInitTask<@resource://gre/modules/TelemetryControllerParent.sys.mjs:824:36
observe@resource://gre/modules/AsyncShutdown.sys.mjs:576:16

console.error: "TelemetryScheduler.shutdown - Already shut down"
WARNING: A blocker encountered an error while we were waiting.
          Blocker:  Waiting for ping task
          Phase: TelemetryController: Waiting for pending ping activity
          State: (none)
WARNING: Error: Phase "profile-before-change" is finished, it is too late to register completion condition "OS.File: flush I/O queued before profileBeforeChange"
WARNING: addBlocker@resource://gre/modules/AsyncShutdown.sys.mjs:727:15
addBlocker@resource://gre/modules/AsyncShutdown.sys.mjs:523:26
addBlocker@resource://gre/modules/AsyncShutdown.sys.mjs:458:15
setupShutdown@resource://gre/modules/osfile/osfile_async_front.jsm:1548:28
@resource://gre/modules/osfile/osfile_async_front.jsm:1568:16
@resource://gre/modules/osfile.jsm:12:30
@resource://gre/modules/TelemetryStorage.sys.mjs:10:28
_checkPendingPings@resource://gre/modules/TelemetrySend.sys.mjs:859:17
setup@resource://gre/modules/TelemetrySend.sys.mjs:799:18
setup@resource://gre/modules/TelemetrySend.sys.mjs:237:30
setupTelemetry/this._delayedInitTask<@resource://gre/modules/TelemetryControllerParent.sys.mjs:824:36
observe@resource://gre/modules/AsyncShutdown.sys.mjs:576:16

WARNING: A blocker encountered an error while we were waiting.
          Blocker:  Waiting for ping task
          Phase: TelemetryController: Waiting for pending ping activity
          State: (none)
WARNING: Error: Phase "profile-before-change" is finished, it is too late to register completion condition "OS.File: flush I/O queued before profileBeforeChange"
WARNING: addBlocker@resource://gre/modules/AsyncShutdown.sys.mjs:727:15
addBlocker@resource://gre/modules/AsyncShutdown.sys.mjs:523:26
addBlocker@resource://gre/modules/AsyncShutdown.sys.mjs:458:15
setupShutdown@resource://gre/modules/osfile/osfile_async_front.jsm:1548:28
@resource://gre/modules/osfile/osfile_async_front.jsm:1568:16
@resource://gre/modules/osfile.jsm:12:30
@resource://gre/modules/TelemetryStorage.sys.mjs:10:28
_checkPendingPings@resource://gre/modules/TelemetrySend.sys.mjs:859:17
setup@resource://gre/modules/TelemetrySend.sys.mjs:799:18
setup@resource://gre/modules/TelemetrySend.sys.mjs:237:30
setupTelemetry/this._delayedInitTask<@resource://gre/modules/TelemetryControllerParent.sys.mjs:824:36
observe@resource://gre/modules/AsyncShutdown.sys.mjs:576:16

WARNING: A blocker encountered an error while we were waiting.
          Blocker:  TelemetryController: shutting down
          Phase: profile-before-change-telemetry
          State: Error getting state: Error: Phase "profile-before-change" is finished, it is too late to register completion condition "OS.File: flush I/O queued before profileBeforeChange" at addBlocker@resource://gre/modules/AsyncShutdown.sys.mjs:727:15
addBlocker@resource://gre/modules/AsyncShutdown.sys.mjs:523:26
addBlocker@resource://gre/modules/AsyncShutdown.sys.mjs:458:15
setupShutdown@resource://gre/modules/osfile/osfile_async_front.jsm:1548:28
@resource://gre/modules/osfile/osfile_async_front.jsm:1568:16
@resource://gre/modules/osfile.jsm:12:30
@resource://gre/modules/TelemetryStorage.sys.mjs:10:28
_checkPendingPings@resource://gre/modules/TelemetrySend.sys.mjs:859:17
setup@resource://gre/modules/TelemetrySend.sys.mjs:799:18
setup@resource://gre/modules/TelemetrySend.sys.mjs:237:30
setupTelemetry/this._delayedInitTask<@resource://gre/modules/TelemetryControllerParent.sys.mjs:824:36
observe@resource://gre/modules/AsyncShutdown.sys.mjs:576:16

WARNING: Error: Phase "profile-before-change" is finished, it is too late to register completion condition "OS.File: flush I/O queued before profileBeforeChange"
WARNING: addBlocker@resource://gre/modules/AsyncShutdown.sys.mjs:727:15
addBlocker@resource://gre/modules/AsyncShutdown.sys.mjs:523:26
addBlocker@resource://gre/modules/AsyncShutdown.sys.mjs:458:15
setupShutdown@resource://gre/modules/osfile/osfile_async_front.jsm:1548:28
@resource://gre/modules/osfile/osfile_async_front.jsm:1568:16
@resource://gre/modules/osfile.jsm:12:30
@resource://gre/modules/TelemetryStorage.sys.mjs:10:28
_checkPendingPings@resource://gre/modules/TelemetrySend.sys.mjs:859:17
setup@resource://gre/modules/TelemetrySend.sys.mjs:799:18
setup@resource://gre/modules/TelemetrySend.sys.mjs:237:30
setupTelemetry/this._delayedInitTask<@resource://gre/modules/TelemetryControllerParent.sys.mjs:824:36
observe@resource://gre/modules/AsyncShutdown.sys.mjs:576:16

JavaScript error: resource://gre/modules/AsyncShutdown.sys.mjs, line 727: Error: Phase "profile-before-change" is finished, it is too late to register completion condition "OS.File: flush I/O queued before profileBeforeChange"
JavaScript error: resource://gre/modules/AsyncShutdown.sys.mjs, line 727: Error: Phase "profile-before-change" is finished, it is too late to register completion condition "OS.File: flush I/O queued before profileBeforeChange"
JavaScript error: resource://gre/modules/AsyncShutdown.sys.mjs, line 727: Error: Phase "profile-before-change" is finished, it is too late to register completion condition "OS.File: flush I/O queued before profileBeforeChange"
JavaScript error: resource://gre/modules/AsyncShutdown.sys.mjs, line 727: Error: Phase "profile-before-change" is finished, it is too late to register completion condition "OS.File: flush I/O queued before profileBeforeChange"
JavaScript error: resource://gre/modules/AsyncShutdown.sys.mjs, line 727: Error: Phase "profile-before-change" is finished, it is too late to register completion condition "OS.File: flush I/O queued before profileBeforeChange"
JavaScript error: resource://gre/modules/AsyncShutdown.sys.mjs, line 727: Error: Phase "profile-before-change" is finished, it is too late to register completion condition "OS.File: flush I/O queued before profileBeforeChange"
1686564846595	geckodriver	INFO	Listening on 127.0.0.1:52246
1686564849663	mozrunner::runner	INFO	Running command: "C:\\Program Files\\Mozilla Firefox\\firefox.exe" "--marionette" "--remote-debugging-port" "52247" "--remote-allow-hosts" "localhost" "-no-remote" "-profile" "C:\\Users\\NAVEEN~1.KST\\AppData\\Local\\Temp\\rust_mozprofile5vzvaM"
console.warn: services.settings: Ignoring preference override of remote settings server
console.warn: services.settings: Allow by setting MOZ_REMOTE_SETTINGS_DEVTOOLS=1 in the environment
1686564850960	Marionette	INFO	Marionette enabled
Dynamically enable window occlusion 0
1686564850970	Marionette	INFO	Listening on port 52257
Read port: 52257
WebDriver BiDi listening on ws://127.0.0.1:52247
1686564851237	RemoteAgent	WARN	TLS certificate errors will be ignored for this session
DevTools listening on ws://127.0.0.1:52247/devtools/browser/9a6e6ed4-74d3-40a6-bf44-95aa5d2d424f
JavaScript warning: https://www.amazon.in/ line 7 > injectedScript, line 1: WEBGL_debug_renderer_info is deprecated in Firefox and will be removed. Please use RENDERER.
